<?xml version="1.0" encoding="UTF-8"?>
<testsuite xmlns:xsi="http://www.w3.org/2001/XMLSchema-instance" xsi:noNamespaceSchemaLocation="https://maven.apache.org/surefire/maven-surefire-plugin/xsd/surefire-test-report.xsd" name="com.attsw.attsw_exam.AttswExamApplicationTests" time="19.522" tests="35" errors="0" skipped="0" failures="0">
  <properties>
    <property name="java.specification.version" value="13"/>
    <property name="sun.jnu.encoding" value="UTF-8"/>
    <property name="java.class.path" value="/home/brahim/Desktop/Dev/fiverr/javidmoazzan/qqqV2/qqq/target/test-classes:/home/brahim/Desktop/Dev/fiverr/javidmoazzan/qqqV2/qqq/target/classes:/home/brahim/.m2/repository/org/springframework/boot/spring-boot-starter-data-jpa/2.5.1/spring-boot-starter-data-jpa-2.5.1.jar:/home/brahim/.m2/repository/org/springframework/boot/spring-boot-starter-aop/2.5.1/spring-boot-starter-aop-2.5.1.jar:/home/brahim/.m2/repository/org/springframework/spring-aop/5.3.8/spring-aop-5.3.8.jar:/home/brahim/.m2/repository/org/aspectj/aspectjweaver/1.9.6/aspectjweaver-1.9.6.jar:/home/brahim/.m2/repository/org/springframework/boot/spring-boot-starter-jdbc/2.5.1/spring-boot-starter-jdbc-2.5.1.jar:/home/brahim/.m2/repository/com/zaxxer/HikariCP/4.0.3/HikariCP-4.0.3.jar:/home/brahim/.m2/repository/org/springframework/spring-jdbc/5.3.8/spring-jdbc-5.3.8.jar:/home/brahim/.m2/repository/jakarta/transaction/jakarta.transaction-api/1.3.3/jakarta.transaction-api-1.3.3.jar:/home/brahim/.m2/repository/jakarta/persistence/jakarta.persistence-api/2.2.3/jakarta.persistence-api-2.2.3.jar:/home/brahim/.m2/repository/org/hibernate/hibernate-core/5.4.32.Final/hibernate-core-5.4.32.Final.jar:/home/brahim/.m2/repository/org/jboss/logging/jboss-logging/3.4.2.Final/jboss-logging-3.4.2.Final.jar:/home/brahim/.m2/repository/org/javassist/javassist/3.27.0-GA/javassist-3.27.0-GA.jar:/home/brahim/.m2/repository/net/bytebuddy/byte-buddy/1.10.22/byte-buddy-1.10.22.jar:/home/brahim/.m2/repository/antlr/antlr/2.7.7/antlr-2.7.7.jar:/home/brahim/.m2/repository/org/jboss/jandex/2.2.3.Final/jandex-2.2.3.Final.jar:/home/brahim/.m2/repository/com/fasterxml/classmate/1.5.1/classmate-1.5.1.jar:/home/brahim/.m2/repository/org/dom4j/dom4j/2.1.3/dom4j-2.1.3.jar:/home/brahim/.m2/repository/org/hibernate/common/hibernate-commons-annotations/5.1.2.Final/hibernate-commons-annotations-5.1.2.Final.jar:/home/brahim/.m2/repository/org/glassfish/jaxb/jaxb-runtime/2.3.4/jaxb-runtime-2.3.4.jar:/home/brahim/.m2/repository/org/glassfish/jaxb/txw2/2.3.4/txw2-2.3.4.jar:/home/brahim/.m2/repository/com/sun/istack/istack-commons-runtime/3.0.12/istack-commons-runtime-3.0.12.jar:/home/brahim/.m2/repository/com/sun/activation/jakarta.activation/1.2.2/jakarta.activation-1.2.2.jar:/home/brahim/.m2/repository/org/springframework/data/spring-data-jpa/2.5.1/spring-data-jpa-2.5.1.jar:/home/brahim/.m2/repository/org/springframework/data/spring-data-commons/2.5.1/spring-data-commons-2.5.1.jar:/home/brahim/.m2/repository/org/springframework/spring-orm/5.3.8/spring-orm-5.3.8.jar:/home/brahim/.m2/repository/org/springframework/spring-context/5.3.8/spring-context-5.3.8.jar:/home/brahim/.m2/repository/org/springframework/spring-tx/5.3.8/spring-tx-5.3.8.jar:/home/brahim/.m2/repository/org/springframework/spring-beans/5.3.8/spring-beans-5.3.8.jar:/home/brahim/.m2/repository/org/slf4j/slf4j-api/1.7.30/slf4j-api-1.7.30.jar:/home/brahim/.m2/repository/org/springframework/spring-aspects/5.3.8/spring-aspects-5.3.8.jar:/home/brahim/.m2/repository/org/springframework/boot/spring-boot-starter-web/2.5.1/spring-boot-starter-web-2.5.1.jar:/home/brahim/.m2/repository/org/springframework/boot/spring-boot-starter/2.5.1/spring-boot-starter-2.5.1.jar:/home/brahim/.m2/repository/org/springframework/boot/spring-boot-starter-logging/2.5.1/spring-boot-starter-logging-2.5.1.jar:/home/brahim/.m2/repository/ch/qos/logback/logback-classic/1.2.3/logback-classic-1.2.3.jar:/home/brahim/.m2/repository/ch/qos/logback/logback-core/1.2.3/logback-core-1.2.3.jar:/home/brahim/.m2/repository/org/apache/logging/log4j/log4j-to-slf4j/2.14.1/log4j-to-slf4j-2.14.1.jar:/home/brahim/.m2/repository/org/apache/logging/log4j/log4j-api/2.14.1/log4j-api-2.14.1.jar:/home/brahim/.m2/repository/org/slf4j/jul-to-slf4j/1.7.30/jul-to-slf4j-1.7.30.jar:/home/brahim/.m2/repository/jakarta/annotation/jakarta.annotation-api/1.3.5/jakarta.annotation-api-1.3.5.jar:/home/brahim/.m2/repository/org/yaml/snakeyaml/1.28/snakeyaml-1.28.jar:/home/brahim/.m2/repository/org/springframework/boot/spring-boot-starter-json/2.5.1/spring-boot-starter-json-2.5.1.jar:/home/brahim/.m2/repository/com/fasterxml/jackson/core/jackson-databind/2.12.3/jackson-databind-2.12.3.jar:/home/brahim/.m2/repository/com/fasterxml/jackson/core/jackson-annotations/2.12.3/jackson-annotations-2.12.3.jar:/home/brahim/.m2/repository/com/fasterxml/jackson/core/jackson-core/2.12.3/jackson-core-2.12.3.jar:/home/brahim/.m2/repository/com/fasterxml/jackson/datatype/jackson-datatype-jdk8/2.12.3/jackson-datatype-jdk8-2.12.3.jar:/home/brahim/.m2/repository/com/fasterxml/jackson/datatype/jackson-datatype-jsr310/2.12.3/jackson-datatype-jsr310-2.12.3.jar:/home/brahim/.m2/repository/com/fasterxml/jackson/module/jackson-module-parameter-names/2.12.3/jackson-module-parameter-names-2.12.3.jar:/home/brahim/.m2/repository/org/springframework/boot/spring-boot-starter-tomcat/2.5.1/spring-boot-starter-tomcat-2.5.1.jar:/home/brahim/.m2/repository/org/apache/tomcat/embed/tomcat-embed-core/9.0.46/tomcat-embed-core-9.0.46.jar:/home/brahim/.m2/repository/org/apache/tomcat/embed/tomcat-embed-el/9.0.46/tomcat-embed-el-9.0.46.jar:/home/brahim/.m2/repository/org/apache/tomcat/embed/tomcat-embed-websocket/9.0.46/tomcat-embed-websocket-9.0.46.jar:/home/brahim/.m2/repository/org/springframework/spring-web/5.3.8/spring-web-5.3.8.jar:/home/brahim/.m2/repository/org/springframework/spring-webmvc/5.3.8/spring-webmvc-5.3.8.jar:/home/brahim/.m2/repository/org/springframework/spring-expression/5.3.8/spring-expression-5.3.8.jar:/home/brahim/.m2/repository/org/springframework/boot/spring-boot-devtools/2.5.1/spring-boot-devtools-2.5.1.jar:/home/brahim/.m2/repository/org/springframework/boot/spring-boot/2.5.1/spring-boot-2.5.1.jar:/home/brahim/.m2/repository/org/springframework/boot/spring-boot-autoconfigure/2.5.1/spring-boot-autoconfigure-2.5.1.jar:/home/brahim/.m2/repository/org/postgresql/postgresql/42.2.20/postgresql-42.2.20.jar:/home/brahim/.m2/repository/org/checkerframework/checker-qual/3.5.0/checker-qual-3.5.0.jar:/home/brahim/.m2/repository/org/projectlombok/lombok/1.18.20/lombok-1.18.20.jar:/home/brahim/.m2/repository/org/springframework/boot/spring-boot-starter-test/2.5.1/spring-boot-starter-test-2.5.1.jar:/home/brahim/.m2/repository/org/springframework/boot/spring-boot-test/2.5.1/spring-boot-test-2.5.1.jar:/home/brahim/.m2/repository/org/springframework/boot/spring-boot-test-autoconfigure/2.5.1/spring-boot-test-autoconfigure-2.5.1.jar:/home/brahim/.m2/repository/com/jayway/jsonpath/json-path/2.5.0/json-path-2.5.0.jar:/home/brahim/.m2/repository/net/minidev/json-smart/2.4.7/json-smart-2.4.7.jar:/home/brahim/.m2/repository/net/minidev/accessors-smart/2.4.7/accessors-smart-2.4.7.jar:/home/brahim/.m2/repository/jakarta/xml/bind/jakarta.xml.bind-api/2.3.3/jakarta.xml.bind-api-2.3.3.jar:/home/brahim/.m2/repository/jakarta/activation/jakarta.activation-api/1.2.2/jakarta.activation-api-1.2.2.jar:/home/brahim/.m2/repository/org/assertj/assertj-core/3.19.0/assertj-core-3.19.0.jar:/home/brahim/.m2/repository/org/hamcrest/hamcrest/2.2/hamcrest-2.2.jar:/home/brahim/.m2/repository/org/junit/jupiter/junit-jupiter/5.7.2/junit-jupiter-5.7.2.jar:/home/brahim/.m2/repository/org/junit/jupiter/junit-jupiter-api/5.7.2/junit-jupiter-api-5.7.2.jar:/home/brahim/.m2/repository/org/apiguardian/apiguardian-api/1.1.0/apiguardian-api-1.1.0.jar:/home/brahim/.m2/repository/org/opentest4j/opentest4j/1.2.0/opentest4j-1.2.0.jar:/home/brahim/.m2/repository/org/junit/platform/junit-platform-commons/1.7.2/junit-platform-commons-1.7.2.jar:/home/brahim/.m2/repository/org/junit/jupiter/junit-jupiter-params/5.7.2/junit-jupiter-params-5.7.2.jar:/home/brahim/.m2/repository/org/junit/jupiter/junit-jupiter-engine/5.7.2/junit-jupiter-engine-5.7.2.jar:/home/brahim/.m2/repository/org/junit/platform/junit-platform-engine/1.7.2/junit-platform-engine-1.7.2.jar:/home/brahim/.m2/repository/org/mockito/mockito-core/3.9.0/mockito-core-3.9.0.jar:/home/brahim/.m2/repository/net/bytebuddy/byte-buddy-agent/1.10.22/byte-buddy-agent-1.10.22.jar:/home/brahim/.m2/repository/org/objenesis/objenesis/3.2/objenesis-3.2.jar:/home/brahim/.m2/repository/org/mockito/mockito-junit-jupiter/3.9.0/mockito-junit-jupiter-3.9.0.jar:/home/brahim/.m2/repository/org/skyscreamer/jsonassert/1.5.0/jsonassert-1.5.0.jar:/home/brahim/.m2/repository/com/vaadin/external/google/android-json/0.0.20131108.vaadin1/android-json-0.0.20131108.vaadin1.jar:/home/brahim/.m2/repository/org/springframework/spring-core/5.3.8/spring-core-5.3.8.jar:/home/brahim/.m2/repository/org/springframework/spring-jcl/5.3.8/spring-jcl-5.3.8.jar:/home/brahim/.m2/repository/org/springframework/spring-test/5.3.8/spring-test-5.3.8.jar:/home/brahim/.m2/repository/org/xmlunit/xmlunit-core/2.8.2/xmlunit-core-2.8.2.jar:/home/brahim/.m2/repository/javax/validation/validation-api/2.0.1.Final/validation-api-2.0.1.Final.jar:/home/brahim/.m2/repository/junit/junit/4.12/junit-4.12.jar:/home/brahim/.m2/repository/org/hamcrest/hamcrest-core/2.2/hamcrest-core-2.2.jar:/home/brahim/.m2/repository/org/modelmapper/modelmapper/2.3.2/modelmapper-2.3.2.jar:/home/brahim/.m2/repository/org/jacoco/jacoco-maven-plugin/0.8.6/jacoco-maven-plugin-0.8.6.jar:/home/brahim/.m2/repository/org/apache/maven/maven-plugin-api/3.0/maven-plugin-api-3.0.jar:/home/brahim/.m2/repository/org/apache/maven/maven-model/3.0/maven-model-3.0.jar:/home/brahim/.m2/repository/org/apache/maven/maven-artifact/3.0/maven-artifact-3.0.jar:/home/brahim/.m2/repository/org/sonatype/sisu/sisu-inject-plexus/1.4.2/sisu-inject-plexus-1.4.2.jar:/home/brahim/.m2/repository/org/sonatype/sisu/sisu-inject-bean/1.4.2/sisu-inject-bean-1.4.2.jar:/home/brahim/.m2/repository/org/sonatype/sisu/sisu-guice/2.1.7/sisu-guice-2.1.7-noaop.jar:/home/brahim/.m2/repository/org/apache/maven/maven-core/3.0/maven-core-3.0.jar:/home/brahim/.m2/repository/org/apache/maven/maven-settings/3.0/maven-settings-3.0.jar:/home/brahim/.m2/repository/org/apache/maven/maven-settings-builder/3.0/maven-settings-builder-3.0.jar:/home/brahim/.m2/repository/org/apache/maven/maven-repository-metadata/3.0/maven-repository-metadata-3.0.jar:/home/brahim/.m2/repository/org/apache/maven/maven-model-builder/3.0/maven-model-builder-3.0.jar:/home/brahim/.m2/repository/org/apache/maven/maven-aether-provider/3.0/maven-aether-provider-3.0.jar:/home/brahim/.m2/repository/org/sonatype/aether/aether-impl/1.7/aether-impl-1.7.jar:/home/brahim/.m2/repository/org/sonatype/aether/aether-spi/1.7/aether-spi-1.7.jar:/home/brahim/.m2/repository/org/sonatype/aether/aether-api/1.7/aether-api-1.7.jar:/home/brahim/.m2/repository/org/sonatype/aether/aether-util/1.7/aether-util-1.7.jar:/home/brahim/.m2/repository/org/codehaus/plexus/plexus-interpolation/1.14/plexus-interpolation-1.14.jar:/home/brahim/.m2/repository/org/codehaus/plexus/plexus-classworlds/2.2.3/plexus-classworlds-2.2.3.jar:/home/brahim/.m2/repository/org/codehaus/plexus/plexus-component-annotations/1.5.5/plexus-component-annotations-1.5.5.jar:/home/brahim/.m2/repository/org/sonatype/plexus/plexus-sec-dispatcher/1.3/plexus-sec-dispatcher-1.3.jar:/home/brahim/.m2/repository/org/sonatype/plexus/plexus-cipher/1.4/plexus-cipher-1.4.jar:/home/brahim/.m2/repository/org/codehaus/plexus/plexus-utils/3.0.22/plexus-utils-3.0.22.jar:/home/brahim/.m2/repository/org/apache/maven/shared/file-management/1.2.1/file-management-1.2.1.jar:/home/brahim/.m2/repository/org/apache/maven/shared/maven-shared-io/1.1/maven-shared-io-1.1.jar:/home/brahim/.m2/repository/org/apache/maven/maven-artifact-manager/2.0.2/maven-artifact-manager-2.0.2.jar:/home/brahim/.m2/repository/org/apache/maven/wagon/wagon-provider-api/1.0-alpha-6/wagon-provider-api-1.0-alpha-6.jar:/home/brahim/.m2/repository/org/codehaus/plexus/plexus-container-default/1.0-alpha-9/plexus-container-default-1.0-alpha-9.jar:/home/brahim/.m2/repository/classworlds/classworlds/1.1-alpha-2/classworlds-1.1-alpha-2.jar:/home/brahim/.m2/repository/org/apache/maven/reporting/maven-reporting-api/3.0/maven-reporting-api-3.0.jar:/home/brahim/.m2/repository/org/apache/maven/doxia/doxia-sink-api/1.0/doxia-sink-api-1.0.jar:/home/brahim/.m2/repository/org/apache/maven/reporting/maven-reporting-impl/2.1/maven-reporting-impl-2.1.jar:/home/brahim/.m2/repository/org/apache/maven/maven-project/2.0.10/maven-project-2.0.10.jar:/home/brahim/.m2/repository/org/apache/maven/maven-profile/2.0.10/maven-profile-2.0.10.jar:/home/brahim/.m2/repository/org/apache/maven/maven-plugin-registry/2.0.10/maven-plugin-registry-2.0.10.jar:/home/brahim/.m2/repository/org/apache/maven/doxia/doxia-core/1.1.2/doxia-core-1.1.2.jar:/home/brahim/.m2/repository/org/apache/maven/doxia/doxia-logging-api/1.1.2/doxia-logging-api-1.1.2.jar:/home/brahim/.m2/repository/xerces/xercesImpl/2.8.1/xercesImpl-2.8.1.jar:/home/brahim/.m2/repository/commons-lang/commons-lang/2.4/commons-lang-2.4.jar:/home/brahim/.m2/repository/commons-httpclient/commons-httpclient/3.1/commons-httpclient-3.1.jar:/home/brahim/.m2/repository/commons-codec/commons-codec/1.15/commons-codec-1.15.jar:/home/brahim/.m2/repository/org/apache/maven/doxia/doxia-site-renderer/1.1.2/doxia-site-renderer-1.1.2.jar:/home/brahim/.m2/repository/org/apache/maven/doxia/doxia-decoration-model/1.1.2/doxia-decoration-model-1.1.2.jar:/home/brahim/.m2/repository/org/apache/maven/doxia/doxia-module-xhtml/1.1.2/doxia-module-xhtml-1.1.2.jar:/home/brahim/.m2/repository/org/apache/maven/doxia/doxia-module-fml/1.1.2/doxia-module-fml-1.1.2.jar:/home/brahim/.m2/repository/org/codehaus/plexus/plexus-i18n/1.0-beta-7/plexus-i18n-1.0-beta-7.jar:/home/brahim/.m2/repository/org/codehaus/plexus/plexus-velocity/1.1.7/plexus-velocity-1.1.7.jar:/home/brahim/.m2/repository/org/apache/velocity/velocity/1.5/velocity-1.5.jar:/home/brahim/.m2/repository/commons-collections/commons-collections/3.2/commons-collections-3.2.jar:/home/brahim/.m2/repository/commons-validator/commons-validator/1.2.0/commons-validator-1.2.0.jar:/home/brahim/.m2/repository/commons-beanutils/commons-beanutils/1.7.0/commons-beanutils-1.7.0.jar:/home/brahim/.m2/repository/commons-digester/commons-digester/1.6/commons-digester-1.6.jar:/home/brahim/.m2/repository/commons-logging/commons-logging/1.0.4/commons-logging-1.0.4.jar:/home/brahim/.m2/repository/oro/oro/2.0.8/oro-2.0.8.jar:/home/brahim/.m2/repository/xml-apis/xml-apis/1.0.b2/xml-apis-1.0.b2.jar:/home/brahim/.m2/repository/org/jacoco/org.jacoco.agent/0.8.6/org.jacoco.agent-0.8.6-runtime.jar:/home/brahim/.m2/repository/org/jacoco/org.jacoco.core/0.8.6/org.jacoco.core-0.8.6.jar:/home/brahim/.m2/repository/org/ow2/asm/asm/8.0.1/asm-8.0.1.jar:/home/brahim/.m2/repository/org/ow2/asm/asm-commons/8.0.1/asm-commons-8.0.1.jar:/home/brahim/.m2/repository/org/ow2/asm/asm-analysis/8.0.1/asm-analysis-8.0.1.jar:/home/brahim/.m2/repository/org/ow2/asm/asm-tree/8.0.1/asm-tree-8.0.1.jar:/home/brahim/.m2/repository/org/jacoco/org.jacoco.report/0.8.6/org.jacoco.report-0.8.6.jar:/home/brahim/.m2/repository/com/h2database/h2/1.4.200/h2-1.4.200.jar:/home/brahim/.m2/repository/com/google/code/gson/gson/2.8.5/gson-2.8.5.jar:"/>
    <property name="java.vm.vendor" value="AdoptOpenJDK"/>
    <property name="sun.arch.data.model" value="64"/>
    <property name="java.vendor.url" value="https://adoptopenjdk.net/"/>
    <property name="os.name" value="Linux"/>
    <property name="java.vm.specification.version" value="13"/>
    <property name="sun.java.launcher" value="SUN_STANDARD"/>
    <property name="user.country" value="US"/>
    <property name="sun.boot.library.path" value="/home/brahim/.jdks/adopt-openjdk-13.0.2/lib"/>
    <property name="sun.java.command" value="/home/brahim/Desktop/Dev/fiverr/javidmoazzan/qqqV2/qqq/target/surefire/surefirebooter18436933031244934975.jar /home/brahim/Desktop/Dev/fiverr/javidmoazzan/qqqV2/qqq/target/surefire 2022-01-17T22-03-59_236-jvmRun1 surefire18331212850557581063tmp surefire_014190274176551318859tmp"/>
    <property name="jdk.debug" value="release"/>
    <property name="surefire.test.class.path" value="/home/brahim/Desktop/Dev/fiverr/javidmoazzan/qqqV2/qqq/target/test-classes:/home/brahim/Desktop/Dev/fiverr/javidmoazzan/qqqV2/qqq/target/classes:/home/brahim/.m2/repository/org/springframework/boot/spring-boot-starter-data-jpa/2.5.1/spring-boot-starter-data-jpa-2.5.1.jar:/home/brahim/.m2/repository/org/springframework/boot/spring-boot-starter-aop/2.5.1/spring-boot-starter-aop-2.5.1.jar:/home/brahim/.m2/repository/org/springframework/spring-aop/5.3.8/spring-aop-5.3.8.jar:/home/brahim/.m2/repository/org/aspectj/aspectjweaver/1.9.6/aspectjweaver-1.9.6.jar:/home/brahim/.m2/repository/org/springframework/boot/spring-boot-starter-jdbc/2.5.1/spring-boot-starter-jdbc-2.5.1.jar:/home/brahim/.m2/repository/com/zaxxer/HikariCP/4.0.3/HikariCP-4.0.3.jar:/home/brahim/.m2/repository/org/springframework/spring-jdbc/5.3.8/spring-jdbc-5.3.8.jar:/home/brahim/.m2/repository/jakarta/transaction/jakarta.transaction-api/1.3.3/jakarta.transaction-api-1.3.3.jar:/home/brahim/.m2/repository/jakarta/persistence/jakarta.persistence-api/2.2.3/jakarta.persistence-api-2.2.3.jar:/home/brahim/.m2/repository/org/hibernate/hibernate-core/5.4.32.Final/hibernate-core-5.4.32.Final.jar:/home/brahim/.m2/repository/org/jboss/logging/jboss-logging/3.4.2.Final/jboss-logging-3.4.2.Final.jar:/home/brahim/.m2/repository/org/javassist/javassist/3.27.0-GA/javassist-3.27.0-GA.jar:/home/brahim/.m2/repository/net/bytebuddy/byte-buddy/1.10.22/byte-buddy-1.10.22.jar:/home/brahim/.m2/repository/antlr/antlr/2.7.7/antlr-2.7.7.jar:/home/brahim/.m2/repository/org/jboss/jandex/2.2.3.Final/jandex-2.2.3.Final.jar:/home/brahim/.m2/repository/com/fasterxml/classmate/1.5.1/classmate-1.5.1.jar:/home/brahim/.m2/repository/org/dom4j/dom4j/2.1.3/dom4j-2.1.3.jar:/home/brahim/.m2/repository/org/hibernate/common/hibernate-commons-annotations/5.1.2.Final/hibernate-commons-annotations-5.1.2.Final.jar:/home/brahim/.m2/repository/org/glassfish/jaxb/jaxb-runtime/2.3.4/jaxb-runtime-2.3.4.jar:/home/brahim/.m2/repository/org/glassfish/jaxb/txw2/2.3.4/txw2-2.3.4.jar:/home/brahim/.m2/repository/com/sun/istack/istack-commons-runtime/3.0.12/istack-commons-runtime-3.0.12.jar:/home/brahim/.m2/repository/com/sun/activation/jakarta.activation/1.2.2/jakarta.activation-1.2.2.jar:/home/brahim/.m2/repository/org/springframework/data/spring-data-jpa/2.5.1/spring-data-jpa-2.5.1.jar:/home/brahim/.m2/repository/org/springframework/data/spring-data-commons/2.5.1/spring-data-commons-2.5.1.jar:/home/brahim/.m2/repository/org/springframework/spring-orm/5.3.8/spring-orm-5.3.8.jar:/home/brahim/.m2/repository/org/springframework/spring-context/5.3.8/spring-context-5.3.8.jar:/home/brahim/.m2/repository/org/springframework/spring-tx/5.3.8/spring-tx-5.3.8.jar:/home/brahim/.m2/repository/org/springframework/spring-beans/5.3.8/spring-beans-5.3.8.jar:/home/brahim/.m2/repository/org/slf4j/slf4j-api/1.7.30/slf4j-api-1.7.30.jar:/home/brahim/.m2/repository/org/springframework/spring-aspects/5.3.8/spring-aspects-5.3.8.jar:/home/brahim/.m2/repository/org/springframework/boot/spring-boot-starter-web/2.5.1/spring-boot-starter-web-2.5.1.jar:/home/brahim/.m2/repository/org/springframework/boot/spring-boot-starter/2.5.1/spring-boot-starter-2.5.1.jar:/home/brahim/.m2/repository/org/springframework/boot/spring-boot-starter-logging/2.5.1/spring-boot-starter-logging-2.5.1.jar:/home/brahim/.m2/repository/ch/qos/logback/logback-classic/1.2.3/logback-classic-1.2.3.jar:/home/brahim/.m2/repository/ch/qos/logback/logback-core/1.2.3/logback-core-1.2.3.jar:/home/brahim/.m2/repository/org/apache/logging/log4j/log4j-to-slf4j/2.14.1/log4j-to-slf4j-2.14.1.jar:/home/brahim/.m2/repository/org/apache/logging/log4j/log4j-api/2.14.1/log4j-api-2.14.1.jar:/home/brahim/.m2/repository/org/slf4j/jul-to-slf4j/1.7.30/jul-to-slf4j-1.7.30.jar:/home/brahim/.m2/repository/jakarta/annotation/jakarta.annotation-api/1.3.5/jakarta.annotation-api-1.3.5.jar:/home/brahim/.m2/repository/org/yaml/snakeyaml/1.28/snakeyaml-1.28.jar:/home/brahim/.m2/repository/org/springframework/boot/spring-boot-starter-json/2.5.1/spring-boot-starter-json-2.5.1.jar:/home/brahim/.m2/repository/com/fasterxml/jackson/core/jackson-databind/2.12.3/jackson-databind-2.12.3.jar:/home/brahim/.m2/repository/com/fasterxml/jackson/core/jackson-annotations/2.12.3/jackson-annotations-2.12.3.jar:/home/brahim/.m2/repository/com/fasterxml/jackson/core/jackson-core/2.12.3/jackson-core-2.12.3.jar:/home/brahim/.m2/repository/com/fasterxml/jackson/datatype/jackson-datatype-jdk8/2.12.3/jackson-datatype-jdk8-2.12.3.jar:/home/brahim/.m2/repository/com/fasterxml/jackson/datatype/jackson-datatype-jsr310/2.12.3/jackson-datatype-jsr310-2.12.3.jar:/home/brahim/.m2/repository/com/fasterxml/jackson/module/jackson-module-parameter-names/2.12.3/jackson-module-parameter-names-2.12.3.jar:/home/brahim/.m2/repository/org/springframework/boot/spring-boot-starter-tomcat/2.5.1/spring-boot-starter-tomcat-2.5.1.jar:/home/brahim/.m2/repository/org/apache/tomcat/embed/tomcat-embed-core/9.0.46/tomcat-embed-core-9.0.46.jar:/home/brahim/.m2/repository/org/apache/tomcat/embed/tomcat-embed-el/9.0.46/tomcat-embed-el-9.0.46.jar:/home/brahim/.m2/repository/org/apache/tomcat/embed/tomcat-embed-websocket/9.0.46/tomcat-embed-websocket-9.0.46.jar:/home/brahim/.m2/repository/org/springframework/spring-web/5.3.8/spring-web-5.3.8.jar:/home/brahim/.m2/repository/org/springframework/spring-webmvc/5.3.8/spring-webmvc-5.3.8.jar:/home/brahim/.m2/repository/org/springframework/spring-expression/5.3.8/spring-expression-5.3.8.jar:/home/brahim/.m2/repository/org/springframework/boot/spring-boot-devtools/2.5.1/spring-boot-devtools-2.5.1.jar:/home/brahim/.m2/repository/org/springframework/boot/spring-boot/2.5.1/spring-boot-2.5.1.jar:/home/brahim/.m2/repository/org/springframework/boot/spring-boot-autoconfigure/2.5.1/spring-boot-autoconfigure-2.5.1.jar:/home/brahim/.m2/repository/org/postgresql/postgresql/42.2.20/postgresql-42.2.20.jar:/home/brahim/.m2/repository/org/checkerframework/checker-qual/3.5.0/checker-qual-3.5.0.jar:/home/brahim/.m2/repository/org/projectlombok/lombok/1.18.20/lombok-1.18.20.jar:/home/brahim/.m2/repository/org/springframework/boot/spring-boot-starter-test/2.5.1/spring-boot-starter-test-2.5.1.jar:/home/brahim/.m2/repository/org/springframework/boot/spring-boot-test/2.5.1/spring-boot-test-2.5.1.jar:/home/brahim/.m2/repository/org/springframework/boot/spring-boot-test-autoconfigure/2.5.1/spring-boot-test-autoconfigure-2.5.1.jar:/home/brahim/.m2/repository/com/jayway/jsonpath/json-path/2.5.0/json-path-2.5.0.jar:/home/brahim/.m2/repository/net/minidev/json-smart/2.4.7/json-smart-2.4.7.jar:/home/brahim/.m2/repository/net/minidev/accessors-smart/2.4.7/accessors-smart-2.4.7.jar:/home/brahim/.m2/repository/jakarta/xml/bind/jakarta.xml.bind-api/2.3.3/jakarta.xml.bind-api-2.3.3.jar:/home/brahim/.m2/repository/jakarta/activation/jakarta.activation-api/1.2.2/jakarta.activation-api-1.2.2.jar:/home/brahim/.m2/repository/org/assertj/assertj-core/3.19.0/assertj-core-3.19.0.jar:/home/brahim/.m2/repository/org/hamcrest/hamcrest/2.2/hamcrest-2.2.jar:/home/brahim/.m2/repository/org/junit/jupiter/junit-jupiter/5.7.2/junit-jupiter-5.7.2.jar:/home/brahim/.m2/repository/org/junit/jupiter/junit-jupiter-api/5.7.2/junit-jupiter-api-5.7.2.jar:/home/brahim/.m2/repository/org/apiguardian/apiguardian-api/1.1.0/apiguardian-api-1.1.0.jar:/home/brahim/.m2/repository/org/opentest4j/opentest4j/1.2.0/opentest4j-1.2.0.jar:/home/brahim/.m2/repository/org/junit/platform/junit-platform-commons/1.7.2/junit-platform-commons-1.7.2.jar:/home/brahim/.m2/repository/org/junit/jupiter/junit-jupiter-params/5.7.2/junit-jupiter-params-5.7.2.jar:/home/brahim/.m2/repository/org/junit/jupiter/junit-jupiter-engine/5.7.2/junit-jupiter-engine-5.7.2.jar:/home/brahim/.m2/repository/org/junit/platform/junit-platform-engine/1.7.2/junit-platform-engine-1.7.2.jar:/home/brahim/.m2/repository/org/mockito/mockito-core/3.9.0/mockito-core-3.9.0.jar:/home/brahim/.m2/repository/net/bytebuddy/byte-buddy-agent/1.10.22/byte-buddy-agent-1.10.22.jar:/home/brahim/.m2/repository/org/objenesis/objenesis/3.2/objenesis-3.2.jar:/home/brahim/.m2/repository/org/mockito/mockito-junit-jupiter/3.9.0/mockito-junit-jupiter-3.9.0.jar:/home/brahim/.m2/repository/org/skyscreamer/jsonassert/1.5.0/jsonassert-1.5.0.jar:/home/brahim/.m2/repository/com/vaadin/external/google/android-json/0.0.20131108.vaadin1/android-json-0.0.20131108.vaadin1.jar:/home/brahim/.m2/repository/org/springframework/spring-core/5.3.8/spring-core-5.3.8.jar:/home/brahim/.m2/repository/org/springframework/spring-jcl/5.3.8/spring-jcl-5.3.8.jar:/home/brahim/.m2/repository/org/springframework/spring-test/5.3.8/spring-test-5.3.8.jar:/home/brahim/.m2/repository/org/xmlunit/xmlunit-core/2.8.2/xmlunit-core-2.8.2.jar:/home/brahim/.m2/repository/javax/validation/validation-api/2.0.1.Final/validation-api-2.0.1.Final.jar:/home/brahim/.m2/repository/junit/junit/4.12/junit-4.12.jar:/home/brahim/.m2/repository/org/hamcrest/hamcrest-core/2.2/hamcrest-core-2.2.jar:/home/brahim/.m2/repository/org/modelmapper/modelmapper/2.3.2/modelmapper-2.3.2.jar:/home/brahim/.m2/repository/org/jacoco/jacoco-maven-plugin/0.8.6/jacoco-maven-plugin-0.8.6.jar:/home/brahim/.m2/repository/org/apache/maven/maven-plugin-api/3.0/maven-plugin-api-3.0.jar:/home/brahim/.m2/repository/org/apache/maven/maven-model/3.0/maven-model-3.0.jar:/home/brahim/.m2/repository/org/apache/maven/maven-artifact/3.0/maven-artifact-3.0.jar:/home/brahim/.m2/repository/org/sonatype/sisu/sisu-inject-plexus/1.4.2/sisu-inject-plexus-1.4.2.jar:/home/brahim/.m2/repository/org/sonatype/sisu/sisu-inject-bean/1.4.2/sisu-inject-bean-1.4.2.jar:/home/brahim/.m2/repository/org/sonatype/sisu/sisu-guice/2.1.7/sisu-guice-2.1.7-noaop.jar:/home/brahim/.m2/repository/org/apache/maven/maven-core/3.0/maven-core-3.0.jar:/home/brahim/.m2/repository/org/apache/maven/maven-settings/3.0/maven-settings-3.0.jar:/home/brahim/.m2/repository/org/apache/maven/maven-settings-builder/3.0/maven-settings-builder-3.0.jar:/home/brahim/.m2/repository/org/apache/maven/maven-repository-metadata/3.0/maven-repository-metadata-3.0.jar:/home/brahim/.m2/repository/org/apache/maven/maven-model-builder/3.0/maven-model-builder-3.0.jar:/home/brahim/.m2/repository/org/apache/maven/maven-aether-provider/3.0/maven-aether-provider-3.0.jar:/home/brahim/.m2/repository/org/sonatype/aether/aether-impl/1.7/aether-impl-1.7.jar:/home/brahim/.m2/repository/org/sonatype/aether/aether-spi/1.7/aether-spi-1.7.jar:/home/brahim/.m2/repository/org/sonatype/aether/aether-api/1.7/aether-api-1.7.jar:/home/brahim/.m2/repository/org/sonatype/aether/aether-util/1.7/aether-util-1.7.jar:/home/brahim/.m2/repository/org/codehaus/plexus/plexus-interpolation/1.14/plexus-interpolation-1.14.jar:/home/brahim/.m2/repository/org/codehaus/plexus/plexus-classworlds/2.2.3/plexus-classworlds-2.2.3.jar:/home/brahim/.m2/repository/org/codehaus/plexus/plexus-component-annotations/1.5.5/plexus-component-annotations-1.5.5.jar:/home/brahim/.m2/repository/org/sonatype/plexus/plexus-sec-dispatcher/1.3/plexus-sec-dispatcher-1.3.jar:/home/brahim/.m2/repository/org/sonatype/plexus/plexus-cipher/1.4/plexus-cipher-1.4.jar:/home/brahim/.m2/repository/org/codehaus/plexus/plexus-utils/3.0.22/plexus-utils-3.0.22.jar:/home/brahim/.m2/repository/org/apache/maven/shared/file-management/1.2.1/file-management-1.2.1.jar:/home/brahim/.m2/repository/org/apache/maven/shared/maven-shared-io/1.1/maven-shared-io-1.1.jar:/home/brahim/.m2/repository/org/apache/maven/maven-artifact-manager/2.0.2/maven-artifact-manager-2.0.2.jar:/home/brahim/.m2/repository/org/apache/maven/wagon/wagon-provider-api/1.0-alpha-6/wagon-provider-api-1.0-alpha-6.jar:/home/brahim/.m2/repository/org/codehaus/plexus/plexus-container-default/1.0-alpha-9/plexus-container-default-1.0-alpha-9.jar:/home/brahim/.m2/repository/classworlds/classworlds/1.1-alpha-2/classworlds-1.1-alpha-2.jar:/home/brahim/.m2/repository/org/apache/maven/reporting/maven-reporting-api/3.0/maven-reporting-api-3.0.jar:/home/brahim/.m2/repository/org/apache/maven/doxia/doxia-sink-api/1.0/doxia-sink-api-1.0.jar:/home/brahim/.m2/repository/org/apache/maven/reporting/maven-reporting-impl/2.1/maven-reporting-impl-2.1.jar:/home/brahim/.m2/repository/org/apache/maven/maven-project/2.0.10/maven-project-2.0.10.jar:/home/brahim/.m2/repository/org/apache/maven/maven-profile/2.0.10/maven-profile-2.0.10.jar:/home/brahim/.m2/repository/org/apache/maven/maven-plugin-registry/2.0.10/maven-plugin-registry-2.0.10.jar:/home/brahim/.m2/repository/org/apache/maven/doxia/doxia-core/1.1.2/doxia-core-1.1.2.jar:/home/brahim/.m2/repository/org/apache/maven/doxia/doxia-logging-api/1.1.2/doxia-logging-api-1.1.2.jar:/home/brahim/.m2/repository/xerces/xercesImpl/2.8.1/xercesImpl-2.8.1.jar:/home/brahim/.m2/repository/commons-lang/commons-lang/2.4/commons-lang-2.4.jar:/home/brahim/.m2/repository/commons-httpclient/commons-httpclient/3.1/commons-httpclient-3.1.jar:/home/brahim/.m2/repository/commons-codec/commons-codec/1.15/commons-codec-1.15.jar:/home/brahim/.m2/repository/org/apache/maven/doxia/doxia-site-renderer/1.1.2/doxia-site-renderer-1.1.2.jar:/home/brahim/.m2/repository/org/apache/maven/doxia/doxia-decoration-model/1.1.2/doxia-decoration-model-1.1.2.jar:/home/brahim/.m2/repository/org/apache/maven/doxia/doxia-module-xhtml/1.1.2/doxia-module-xhtml-1.1.2.jar:/home/brahim/.m2/repository/org/apache/maven/doxia/doxia-module-fml/1.1.2/doxia-module-fml-1.1.2.jar:/home/brahim/.m2/repository/org/codehaus/plexus/plexus-i18n/1.0-beta-7/plexus-i18n-1.0-beta-7.jar:/home/brahim/.m2/repository/org/codehaus/plexus/plexus-velocity/1.1.7/plexus-velocity-1.1.7.jar:/home/brahim/.m2/repository/org/apache/velocity/velocity/1.5/velocity-1.5.jar:/home/brahim/.m2/repository/commons-collections/commons-collections/3.2/commons-collections-3.2.jar:/home/brahim/.m2/repository/commons-validator/commons-validator/1.2.0/commons-validator-1.2.0.jar:/home/brahim/.m2/repository/commons-beanutils/commons-beanutils/1.7.0/commons-beanutils-1.7.0.jar:/home/brahim/.m2/repository/commons-digester/commons-digester/1.6/commons-digester-1.6.jar:/home/brahim/.m2/repository/commons-logging/commons-logging/1.0.4/commons-logging-1.0.4.jar:/home/brahim/.m2/repository/oro/oro/2.0.8/oro-2.0.8.jar:/home/brahim/.m2/repository/xml-apis/xml-apis/1.0.b2/xml-apis-1.0.b2.jar:/home/brahim/.m2/repository/org/jacoco/org.jacoco.agent/0.8.6/org.jacoco.agent-0.8.6-runtime.jar:/home/brahim/.m2/repository/org/jacoco/org.jacoco.core/0.8.6/org.jacoco.core-0.8.6.jar:/home/brahim/.m2/repository/org/ow2/asm/asm/8.0.1/asm-8.0.1.jar:/home/brahim/.m2/repository/org/ow2/asm/asm-commons/8.0.1/asm-commons-8.0.1.jar:/home/brahim/.m2/repository/org/ow2/asm/asm-analysis/8.0.1/asm-analysis-8.0.1.jar:/home/brahim/.m2/repository/org/ow2/asm/asm-tree/8.0.1/asm-tree-8.0.1.jar:/home/brahim/.m2/repository/org/jacoco/org.jacoco.report/0.8.6/org.jacoco.report-0.8.6.jar:/home/brahim/.m2/repository/com/h2database/h2/1.4.200/h2-1.4.200.jar:/home/brahim/.m2/repository/com/google/code/gson/gson/2.8.5/gson-2.8.5.jar:"/>
    <property name="sun.cpu.endian" value="little"/>
    <property name="user.home" value="/home/brahim"/>
    <property name="user.language" value="en"/>
    <property name="java.specification.vendor" value="Oracle Corporation"/>
    <property name="java.version.date" value="2020-01-14"/>
    <property name="java.home" value="/home/brahim/.jdks/adopt-openjdk-13.0.2"/>
    <property name="file.separator" value="/"/>
    <property name="basedir" value="/home/brahim/Desktop/Dev/fiverr/javidmoazzan/qqqV2/qqq"/>
    <property name="java.vm.compressedOopsMode" value="32-bit"/>
    <property name="line.separator" value="&#10;"/>
    <property name="java.vm.specification.vendor" value="Oracle Corporation"/>
    <property name="java.specification.name" value="Java Platform API Specification"/>
    <property name="surefire.real.class.path" value="/home/brahim/Desktop/Dev/fiverr/javidmoazzan/qqqV2/qqq/target/surefire/surefirebooter18436933031244934975.jar"/>
    <property name="sun.management.compiler" value="HotSpot 64-Bit Tiered Compilers"/>
    <property name="java.runtime.version" value="13.0.2+8"/>
    <property name="user.name" value="brahim"/>
    <property name="path.separator" value=":"/>
    <property name="os.version" value="5.11.0-46-generic"/>
    <property name="java.runtime.name" value="OpenJDK Runtime Environment"/>
    <property name="file.encoding" value="UTF-8"/>
    <property name="java.vm.name" value="OpenJDK 64-Bit Server VM"/>
    <property name="java.vendor.version" value="AdoptOpenJDK"/>
    <property name="localRepository" value="/home/brahim/.m2/repository"/>
    <property name="java.vendor.url.bug" value="https://github.com/AdoptOpenJDK/openjdk-support/issues"/>
    <property name="java.io.tmpdir" value="/tmp"/>
    <property name="java.version" value="13.0.2"/>
    <property name="user.dir" value="/home/brahim/Desktop/Dev/fiverr/javidmoazzan/qqqV2/qqq"/>
    <property name="os.arch" value="amd64"/>
    <property name="java.vm.specification.name" value="Java Virtual Machine Specification"/>
    <property name="java.library.path" value="/usr/java/packages/lib:/usr/lib64:/lib64:/lib:/usr/lib"/>
    <property name="java.vm.info" value="mixed mode, sharing"/>
    <property name="java.vendor" value="AdoptOpenJDK"/>
    <property name="java.vm.version" value="13.0.2+8"/>
    <property name="sun.io.unicode.encoding" value="UnicodeLittle"/>
    <property name="java.class.version" value="57.0"/>
  </properties>
  <testcase name="testFindByIdAndStatus" classname="com.attsw.attsw_exam.AttswExamApplicationTests" time="0.085"/>
  <testcase name="testActiveTeachersList" classname="com.attsw.attsw_exam.AttswExamApplicationTests" time="0.03"/>
  <testcase name="testFindAllByCollleageName" classname="com.attsw.attsw_exam.AttswExamApplicationTests" time="0.011"/>
  <testcase name="findAllActiveTeachers" classname="com.attsw.attsw_exam.AttswExamApplicationTests" time="0.332"/>
  <testcase name="testFinalAllActiveReturnOkControlerTest" classname="com.attsw.attsw_exam.AttswExamApplicationTests" time="0.129"/>
  <testcase name="testFindByIdTeacher" classname="com.attsw.attsw_exam.AttswExamApplicationTests" time="0.007"/>
  <testcase name="testSaveTeacher" classname="com.attsw.attsw_exam.AttswExamApplicationTests" time="0.092"/>
  <testcase name="testDeleteStudentService" classname="com.attsw.attsw_exam.AttswExamApplicationTests" time="0.023"/>
  <testcase name="testFindByEmailTeacher" classname="com.attsw.attsw_exam.AttswExamApplicationTests" time="0.019"/>
  <testcase name="testActiveStudent" classname="com.attsw.attsw_exam.AttswExamApplicationTests" time="0.007"/>
  <testcase name="getStudentControlerTest" classname="com.attsw.attsw_exam.AttswExamApplicationTests" time="0.205"/>
  <testcase name="testFindStudentByAge" classname="com.attsw.attsw_exam.AttswExamApplicationTests" time="0.008"/>
  <testcase name="testUpdateTeacher" classname="com.attsw.attsw_exam.AttswExamApplicationTests" time="0.007"/>
  <testcase name="testDeleteTeacherWithoutStudent" classname="com.attsw.attsw_exam.AttswExamApplicationTests" time="0.007"/>
  <testcase name="updateTeachersControlerTestSuccessResponse" classname="com.attsw.attsw_exam.AttswExamApplicationTests" time="0.151"/>
  <testcase name="applicationStarts" classname="com.attsw.attsw_exam.AttswExamApplicationTests" time="2.585"/>
  <testcase name="findAllTeachers" classname="com.attsw.attsw_exam.AttswExamApplicationTests" time="0.01"/>
  <testcase name="findAllTest" classname="com.attsw.attsw_exam.AttswExamApplicationTests" time="0.009"/>
  <testcase name="testDeleteTeacher" classname="com.attsw.attsw_exam.AttswExamApplicationTests" time="0.005"/>
  <testcase name="deleteTeachersControlerTest" classname="com.attsw.attsw_exam.AttswExamApplicationTests" time="0.014"/>
  <testcase name="updateTeachersControlerTestServerErrorResponse" classname="com.attsw.attsw_exam.AttswExamApplicationTests" time="0.016"/>
  <testcase name="findTeacherByIdControlerTest" classname="com.attsw.attsw_exam.AttswExamApplicationTests" time="0.015"/>
  <testcase name="updateStudentControlerTest" classname="com.attsw.attsw_exam.AttswExamApplicationTests" time="0.045"/>
  <testcase name="testFindStudentByCollageName" classname="com.attsw.attsw_exam.AttswExamApplicationTests" time="0.006"/>
  <testcase name="findAllDeactiveTeachers" classname="com.attsw.attsw_exam.AttswExamApplicationTests" time="0.009"/>
  <testcase name="testFinalAllActiveDifControlerTest" classname="com.attsw.attsw_exam.AttswExamApplicationTests" time="0.013"/>
  <testcase name="saveTeachersControlerTest" classname="com.attsw.attsw_exam.AttswExamApplicationTests" time="0.019"/>
  <testcase name="deleteSuceessTeachersControlerTest" classname="com.attsw.attsw_exam.AttswExamApplicationTests" time="0.013"/>
  <testcase name="saveStudentControlerTest" classname="com.attsw.attsw_exam.AttswExamApplicationTests" time="0.011"/>
  <testcase name="testDeactiveTeachers" classname="com.attsw.attsw_exam.AttswExamApplicationTests" time="0.006"/>
  <testcase name="testSystemActiveStudent" classname="com.attsw.attsw_exam.AttswExamApplicationTests" time="0.006"/>
  <testcase name="testDeactiveStudent" classname="com.attsw.attsw_exam.AttswExamApplicationTests" time="0.005"/>
  <testcase name="testSaveService" classname="com.attsw.attsw_exam.AttswExamApplicationTests" time="0.007"/>
  <testcase name="deleteStudentControlerTest" classname="com.attsw.attsw_exam.AttswExamApplicationTests" time="0.012"/>
  <testcase name="testUpdateStudentService" classname="com.attsw.attsw_exam.AttswExamApplicationTests" time="0.006"/>
</testsuite>